Charm++: standalone mode (not using charmrun)
Charm++> Running in Multicore mode: 12 threads (PEs)
Charm++> Using recursive bisection (scheme 3) for topology aware partitions
Converse/Charm++ Commit ID: 
CharmLB> Load balancer assumes all CPUs are same.
Charm++> Running on 1 hosts (1 sockets x 6 cores x 2 PUs = 12-way SMP)
Charm++> cpu topology info is gathered in 0.004 seconds.
CharmLB> Load balancing instrumentation for communication is off.
Info: NAMD 3.0.1 for Linux-x86_64-multicore
Info: 
Info: Please visit http://www.ks.uiuc.edu/Research/namd/
Info: for updates, documentation, and support information.
Info: 
Info: Please cite Phillips et al., J. Chem. Phys. 153:044130 (2020) doi:10.1063/5.0014475
Info: in all publications reporting results obtained with NAMD.
Info: 
Info: Based on Charm++/Converse 80000 for multicore-linux-x86_64-gcc
Info: Built Mon Oct 14 11:11:06 CDT 2024 by dhardy on athine.ks.uiuc.edu
Info: 1 NAMD  3.0.1  Linux-x86_64-multicore  12    pc2-14  convidat
Info: Running on 12 processors, 1 nodes, 1 physical nodes.
Info: CPU topology information available.
Info: Charm++/Converse parallel runtime startup completed at 0.0246476 s
CkLoopLib is used in SMP with simple dynamic scheduling (converse-level notification)
Info: 815.863 MB of memory in use based on /proc/self/stat
Info: Configuration file is eq2.namd
Info: Working in the current directory /home/samba/homes/convidat/SSN_Projecte_Final/Tutorial and zip/bionano-tutorial-files/2_calibrate
TCL: Suspending until startup complete.
Warning: Option "1-4scaling" has been deprecated. Instead use "oneFourScaling".
Info: EXTENDED SYSTEM FILE   eq1.xsc
Warning: The Langevin gamma parameters differ over the particles,
Warning: requiring extra work per step to constrain rigid bonds.
Info: SIMULATION PARAMETERS:
Info: TIMESTEP               1
Info: NUMBER OF STEPS        500
Info: STEPS PER CYCLE        20
Info: PERIODIC CELL BASIS 1  34.1775 19.7324 0
Info: PERIODIC CELL BASIS 2  0 39.4648 0
Info: PERIODIC CELL BASIS 3  0 0 17.412
Info: PERIODIC CELL CENTER   0 0 0
Info: WRAPPING ALL CLUSTERS AROUND PERIODIC BOUNDARIES ON OUTPUT.
Info: WRAPPING TO IMAGE NEAREST TO PERIODIC CELL CENTER.
Info: LOAD BALANCER  Centralized
Info: LOAD BALANCING STRATEGY  New Load Balancers -- DEFAULT
Info: LDB PERIOD             4000 steps
Info: FIRST LDB TIMESTEP     100
Info: LAST LDB TIMESTEP     -1
Info: LDB BACKGROUND SCALING 1
Info: HOM BACKGROUND SCALING 1
Info: PME BACKGROUND SCALING 1
Info: MIN ATOMS PER PATCH    40
Info: EMPTY PATCH LOAD       40 ATOMS
Info: VELOCITY FILE          eq1.vel
Info: CENTER OF MASS MOVING INITIALLY? NO
Info: DIELECTRIC             1
Info: EXCLUDE                SCALED ONE-FOUR
Info: 1-4 ELECTROSTATICS SCALED BY 1
Info: MODIFIED 1-4 VDW PARAMETERS WILL BE USED
Info: DCD FILENAME           eq2.dcd
Info: DCD FREQUENCY          100
Info: DCD FIRST STEP         100
Info: DCD FILE WILL CONTAIN UNIT CELL DATA
Info: XST FILENAME           eq2.xst
Info: XST FREQUENCY          100
Info: NO VELOCITY DCD OUTPUT
Info: NO FORCE DCD OUTPUT
Info: OUTPUT FILENAME        eq2
Info: BINARY OUTPUT FILES WILL BE USED
Info: RESTART FILENAME       eq2.restart
Info: RESTART FREQUENCY      100
Info: BINARY RESTART FILES WILL BE USED
Info: SWITCHING ACTIVE
Info: SWITCHING ON           10
Info: SWITCHING OFF          12
Info: PAIRLIST DISTANCE      14
Info: PAIRLIST SHRINK RATE   0.01
Info: PAIRLIST GROW RATE     0.01
Info: PAIRLIST TRIGGER       0.3
Info: PAIRLISTS PER CYCLE    2
Info: PAIRLISTS ENABLED
Info: MARGIN                 3
Info: HYDROGEN GROUP CUTOFF  2.5
Info: PATCH DIMENSION        19.5
Info: ENERGY OUTPUT STEPS    100
Info: ENERGY EVALUATION STEPS    100
Info: OUTPUT ENERGY PRECISION 4
Info: CROSSTERM ENERGY INCLUDED IN DIHEDRAL
Info: TIMING OUTPUT STEPS    100
Info: HARMONIC CONSTRAINTS ACTIVE
Info: HARMONIC CONS EXP      2
Info: LANGEVIN DYNAMICS ACTIVE
Info: LANGEVIN TEMPERATURE   295
Info: LANGEVIN USING BBK INTEGRATOR
Info: LANGEVIN DAMPING COEFFICIENT IS 5 INVERSE PS
Info: LANGEVIN DYNAMICS NOT APPLIED TO HYDROGENS
Info: PARTICLE MESH EWALD (PME) ACTIVE
Info: PME TOLERANCE               1e-06
Info: PME EWALD COEFFICIENT       0.257952
Info: PME INTERPOLATION ORDER     4
Info: PME GRID DIMENSIONS         48 48 128
Info: PME MAXIMUM GRID SPACING    1.5
Info: Attempting to read FFTW data from FFTW_NAMD_3.0.1_Linux-x86_64-multicore.txt
Info: Optimizing 6 FFT steps.  1... 2... 3... 4... 5... 6...   Done.
Info: Writing FFTW data to FFTW_NAMD_3.0.1_Linux-x86_64-multicore.txt
Info: FULL ELECTROSTATIC EVALUATION FREQUENCY      4
Info: USING VERLET I (r-RESPA) MTS SCHEME.
Info: C1 SPLITTING OF LONG RANGE ELECTROSTATICS
Info: PLACING ATOMS IN PATCHES BY HYDROGEN GROUPS
Info: NONBONDED FORCES EVALUATED EVERY 2 STEPS
Info: RANDOM NUMBER SEED     1750346882
Info: USE HYDROGEN BONDS?    NO
Info: COORDINATE PDB         ../1_build/membrane_hex.pdb
Info: STRUCTURE FILE         ../1_build/membrane_hex.psf
Info: PARAMETER file: CHARMM format! 
Info: PARAMETERS             par_silicon_ions_NEW0.1.inp
Info: USING ARITHMETIC MEAN TO COMBINE L-J SIGMA PARAMETERS
Info: BINARY COORDINATES     eq1.coor
Info: SUMMARY OF PARAMETERS:
Info: 11 BONDS
Info: 36 ANGLES
Info: 0 DIHEDRAL
Info: 0 IMPROPER
Info: 0 CROSSTERM
Info: 15 VDW
Info: 0 VDW_PAIRS
Info: 0 NBTHOLE_PAIRS
Info: TIME FOR READING PSF FILE: 0.0130459
Info: Reading pdb file ../1_build/membrane_hex.pdb
Info: TIME FOR READING PDB FILE: 0.0021636
Info: 
Info: ****************************
Info: STRUCTURE SUMMARY:
Info: 2268 ATOMS
Info: 3888 BONDS
Info: 9720 ANGLES
Info: 0 DIHEDRALS
Info: 0 IMPROPERS
Info: 0 CROSSTERMS
Info: 0 EXCLUSIONS
Info: 2268 CONSTRAINTS
Info: 6804 DEGREES OF FREEDOM
Info: 2268 HYDROGEN GROUPS
Info: 1 ATOMS IN LARGEST HYDROGEN GROUP
Info: 2268 MIGRATION GROUPS
Info: 1 ATOMS IN LARGEST MIGRATION GROUP
Info: TOTAL MASS = 45452.2 amu
Info: TOTAL CHARGE = 3.86238e-05 e
Info: MASS DENSITY = 3.21377 g/cm^3
Info: ATOM DENSITY = 0.0965705 atoms/A^3
Info: *****************************
Info: Reading from binary file eq1.coor
Info: 
Info: Entering startup at 0.0478376 s, 0.899766 MB of memory in use
Info: Startup phase 0 took 8.0784e-05 s, 0.899766 MB of memory in use
Info: ADDED 34020 IMPLICIT EXCLUSIONS
Info: Startup phase 1 took 0.00461436 s, 0.899766 MB of memory in use
Info: NONBONDED TABLE R-SQUARED SPACING: 0.0625
Info: NONBONDED TABLE SIZE: 769 POINTS
Info: INCONSISTENCY IN FAST TABLE ENERGY VS FORCE: 0.000325096 AT 11.9556
Info: INCONSISTENCY IN SCOR TABLE ENERGY VS FORCE: 0.000324844 AT 11.9556
Info: INCONSISTENCY IN VDWA TABLE ENERGY VS FORCE: 0.0040507 AT 0.251946
Info: INCONSISTENCY IN VDWB TABLE ENERGY VS FORCE: 0.00150189 AT 0.251946
Info: Startup phase 2 took 0.00421427 s, 0.899766 MB of memory in use
Info: Startup phase 3 took 6.1318e-05 s, 0.899766 MB of memory in use
Info: Startup phase 4 took 8.7517e-05 s, 0.899766 MB of memory in use
Info: Startup phase 5 took 4.9586e-05 s, 0.899766 MB of memory in use
Info: PATCH GRID IS 3 (PERIODIC) BY 1 (PERIODIC) BY 1 (PERIODIC)
Info: PATCH GRID IS 2-AWAY BY 1-AWAY BY 1-AWAY
Info: Reading from binary file eq1.vel
Info: REMOVING COM VELOCITY 0.12297 0.0176018 -0.0128083
Info: LARGEST PATCH (0) HAS 756 ATOMS
Info: TORUS A SIZE 1 USING 0
Info: TORUS B SIZE 1 USING 0
Info: TORUS C SIZE 1 USING 0
Info: TORUS MINIMAL MESH SIZE IS 1 BY 1 BY 1
Info: Placed 100% of base nodes on same physical node as patch
Info: Startup phase 6 took 0.000548329 s, 0.899766 MB of memory in use
Info: PME using 12 and 12 processors for FFT and reciprocal sum.
Info: PME GRID LOCATIONS: 0 1 2 3 4 5 6 7 8 9 ...
Info: PME TRANS LOCATIONS: 0 1 2 3 4 5 6 7 8 9 ...
Info: PME USING 1 GRID NODES AND 1 TRANS NODES
Info: Optimizing 4 FFT steps.  1... 2... 3... 4...   Done.
Info: Startup phase 7 took 0.000846859 s, 0.899766 MB of memory in use
Info: Startup phase 8 took 5.8988e-05 s, 0.899766 MB of memory in use
Info: Startup phase 9 took 4.2351e-05 s, 0.899766 MB of memory in use
Info: Startup phase 10 took 5.0837e-05 s, 0.899766 MB of memory in use
Info: Startup phase 11 took 6.343e-05 s, 0.899766 MB of memory in use
LDB: Central LB being created...
Info: Startup phase 12 took 5.298e-05 s, 0.899766 MB of memory in use
Info: CREATING 105 COMPUTE OBJECTS
Info: useSync: 0 useProxySync: 0
Info: Startup phase 13 took 0.000181851 s, 0.899766 MB of memory in use
Info: Startup phase 14 took 8.1421e-05 s, 0.899766 MB of memory in use
Info: Startup phase 15 took 2.534e-05 s, 0.899766 MB of memory in use
Info: Finished startup at 0.0588979 s, 0.899766 MB of memory in use

ETITLE:      TS           BOND          ANGLE          DIHED          IMPRP               ELECT            VDW       BOUNDARY           MISC        KINETIC               TOTAL           TEMP      POTENTIAL         TOTAL3        TEMPAVG            PRESSURE      GPRESSURE         VOLUME       PRESSAVG      GPRESSAVG

ENERGY:       0         5.8315         0.1029         0.0000         0.0000        -306964.1334     -2087.9737        37.1450         0.0000      1973.5030        -307035.5247       291.9200   -309009.0277   -307034.0278       291.9200        -124336.6077   -124336.6077     23485.4351   -124336.6077   -124336.6077

OPENING EXTENDED SYSTEM TRAJECTORY FILE
LDB: ============= START OF LOAD BALANCING ============== 0.102075
LDB: ============== END OF LOAD BALANCING =============== 0.102165
Info: useSync: 0 useProxySync: 0
LDB: =============== DONE WITH MIGRATION ================ 0.102259
LDB: ============= START OF LOAD BALANCING ============== 0.271252
LDB: Largest compute 3 load 0.058946 is 82.1% of average load 0.071793
LDB: Average compute 0.007047 is 9.8% of average load 0.071793
LDB: Partitioning computes with target load 0.014095
LDB: Increased migratable compute count from 84 to 106
LDB: Largest unpartitionable compute is 0.017008
LDB: ============== END OF LOAD BALANCING =============== 0.271508
Info: useSync: 0 useProxySync: 0
LDB: =============== DONE WITH MIGRATION ================ 0.272305
Info: Initial time: 12 CPUs 0.00211445 s/step 0.0244728 days/ns 0.899766 MB memory
TIMING: 100  CPU: 0.220262, 0.00210096/step  Wall: 0.223772, 0.00212761/step, 0.000236401 hours remaining, 0.899766 MB of memory in use.
PERFORMANCE: 100  averaging 40.609 ns/day, 0.00212761 sec/step with standard deviation 0
ENERGY:     100        42.5256         0.7613         0.0000         0.0000        -308214.6516     -1755.3034       447.2919         0.0000      2199.6716        -307279.7047       325.3748   -309479.3763   -307277.7867       337.9050        -118342.9367   -118342.9367     23485.4351   -123380.8771   -123380.8771

WRITING EXTENDED SYSTEM TO RESTART FILE AT STEP 100
OPENING COORDINATE DCD FILE
WRITING COORDINATES TO DCD FILE eq2.dcd AT STEP 100
WRITING COORDINATES TO RESTART FILE AT STEP 100
FINISHED WRITING RESTART COORDINATES
The last position output (seq=100) takes 0.000 seconds, 0.900 MB of memory in use
WRITING VELOCITIES TO RESTART FILE AT STEP 100
FINISHED WRITING RESTART VELOCITIES
The last velocity output (seq=100) takes 0.000 seconds, 0.900 MB of memory in use
LDB: ============= START OF LOAD BALANCING ============== 0.3149
LDB: ============== END OF LOAD BALANCING =============== 0.317236
Info: useSync: 0 useProxySync: 0
LDB: =============== DONE WITH MIGRATION ================ 0.31736
LDB: ============= START OF LOAD BALANCING ============== 0.483486
LDB: Largest compute 91 load 0.017059 is 23.8% of average load 0.071817
LDB: Average compute 0.005613 is 7.8% of average load 0.071817
LDB: TIME 0.483663 LOAD: AVG 0.0718167 MAX 0.153041  PROXIES: TOTAL 15 MAXPE 2 MAXPATCH 5 None MEM: 0.899766 MB
LDB: TIME 0.483757 LOAD: AVG 0.0718167 MAX 0.0859524  PROXIES: TOTAL 16 MAXPE 2 MAXPATCH 6 TorusLB MEM: 0.899766 MB
LDB: ============== END OF LOAD BALANCING =============== 0.484071
Info: useSync: 0 useProxySync: 0
LDB: =============== DONE WITH MIGRATION ================ 0.484621
Info: Initial time: 12 CPUs 0.00204815 s/step 0.0237054 days/ns 0.899766 MB memory
TIMING: 200  CPU: 0.428284, 0.00208022/step  Wall: 0.43233, 0.00208558/step, 0.000173798 hours remaining, 0.899766 MB of memory in use.
PERFORMANCE: 200  averaging 41.0141 ns/day, 0.00210659 sec/step with standard deviation 2.97162e-05
ENERGY:     200        45.6945         0.7843         0.0000         0.0000        -307882.7008     -2282.9456       378.8553         0.0000      2218.6770        -307521.6353       328.1861   -309740.3123   -307514.8450       326.5877        -125217.4055   -125217.4055     23485.4351   -121669.3285   -121669.3285

WRITING EXTENDED SYSTEM TO RESTART FILE AT STEP 200
WRITING COORDINATES TO DCD FILE eq2.dcd AT STEP 200
WRITING COORDINATES TO RESTART FILE AT STEP 200
FINISHED WRITING RESTART COORDINATES
The last position output (seq=200) takes 0.000 seconds, 0.900 MB of memory in use
WRITING VELOCITIES TO RESTART FILE AT STEP 200
FINISHED WRITING RESTART VELOCITIES
The last velocity output (seq=200) takes 0.000 seconds, 0.900 MB of memory in use
LDB: ============= START OF LOAD BALANCING ============== 0.623365
LDB: Largest compute 91 load 0.021575 is 22.7% of average load 0.095049
LDB: Average compute 0.007458 is 7.8% of average load 0.095049
LDB: TIME 0.623722 LOAD: AVG 0.0950486 MAX 0.118636  PROXIES: TOTAL 15 MAXPE 2 MAXPATCH 5 None MEM: 0.899766 MB
LDB: TIME 0.62378 LOAD: AVG 0.0950486 MAX 0.118636  PROXIES: TOTAL 16 MAXPE 2 MAXPATCH 6 RefineTorusLB MEM: 0.899766 MB
LDB: TIME 0.623865 LOAD: AVG 0.0950486 MAX 0.10653  PROXIES: TOTAL 17 MAXPE 2 MAXPATCH 6 RefineTorusLB MEM: 0.899766 MB
LDB: ============== END OF LOAD BALANCING =============== 0.624007
Info: useSync: 0 useProxySync: 0
LDB: =============== DONE WITH MIGRATION ================ 0.62433
Info: Initial time: 12 CPUs 0.00138224 s/step 0.0159981 days/ns 0.899766 MB memory
TIMING: 300  CPU: 0.566757, 0.00138473/step  Wall: 0.571617, 0.00139287/step, 7.73816e-05 hours remaining, 0.899766 MB of memory in use.
PERFORMANCE: 300  averaging 46.2357 ns/day, 0.00186869 sec/step with standard deviation 0.000412604
ENERGY:     300        44.4201         0.7610         0.0000         0.0000        -308034.8670     -2237.7242       383.7531         0.0000      2213.0475        -307630.6095       327.3534   -309843.6570   -307629.8035       320.1668        -125168.4399   -125168.4399     23485.4351   -125363.0623   -125363.0623

WRITING EXTENDED SYSTEM TO RESTART FILE AT STEP 300
WRITING COORDINATES TO DCD FILE eq2.dcd AT STEP 300
WRITING COORDINATES TO RESTART FILE AT STEP 300
FINISHED WRITING RESTART COORDINATES
The last position output (seq=300) takes 0.000 seconds, 0.900 MB of memory in use
WRITING VELOCITIES TO RESTART FILE AT STEP 300
FINISHED WRITING RESTART VELOCITIES
The last velocity output (seq=300) takes 0.000 seconds, 0.900 MB of memory in use
LDB: ============= START OF LOAD BALANCING ============== 0.7627
LDB: Largest compute 91 load 0.021248 is 22.2% of average load 0.095845
LDB: Average compute 0.007529 is 7.9% of average load 0.095845
LDB: TIME 0.763078 LOAD: AVG 0.0958448 MAX 0.112016  PROXIES: TOTAL 15 MAXPE 2 MAXPATCH 5 None MEM: 0.899766 MB
LDB: TIME 0.76314 LOAD: AVG 0.0958448 MAX 0.112016  PROXIES: TOTAL 17 MAXPE 2 MAXPATCH 6 RefineTorusLB MEM: 0.899766 MB
LDB: TIME 0.763211 LOAD: AVG 0.0958448 MAX 0.107593  PROXIES: TOTAL 17 MAXPE 2 MAXPATCH 6 RefineTorusLB MEM: 0.899766 MB
LDB: ============== END OF LOAD BALANCING =============== 0.763485
Info: useSync: 0 useProxySync: 0
LDB: =============== DONE WITH MIGRATION ================ 0.763844
WRITING COORDINATES TO DCD FILE eq2.dcd AT STEP 400
WRITING COORDINATES TO RESTART FILE AT STEP 400
FINISHED WRITING RESTART COORDINATES
The last position output (seq=400) takes 0.001 seconds, 0.900 MB of memory in use
Info: Benchmark time: 12 CPUs 0.00138381 s/step 0.0160164 days/ns 0.899766 MB memory
TIMING: 400  CPU: 0.70182, 0.00135063/step  Wall: 0.711205, 0.00139589/step, 3.87746e-05 hours remaining, 0.899766 MB of memory in use.
PERFORMANCE: 400  averaging 49.3577 ns/day, 0.00175049 sec/step with standard deviation 0.000411557
ENERGY:     400        43.2094         0.8121         0.0000         0.0000        -308116.1961     -2197.8036       412.3896         0.0000      2070.9599        -307786.6287       306.3358   -309857.5886   -307783.6204       304.6695        -125121.9357   -125121.9357     23485.4351   -124503.1585   -124503.1585

WRITING EXTENDED SYSTEM TO RESTART FILE AT STEP 400
WRITING VELOCITIES TO RESTART FILE AT STEP 400
FINISHED WRITING RESTART VELOCITIES
The last velocity output (seq=400) takes 0.000 seconds, 0.900 MB of memory in use
Info: Benchmark time: 12 CPUs 0.00128666 s/step 0.0148919 days/ns 0.899766 MB memory
TIMING: 500  CPU: 0.829763, 0.00127943/step  Wall: 0.840015, 0.00128809/step, 0 hours remaining, 0.899766 MB of memory in use.
PERFORMANCE: 500  averaging 52.1108 ns/day, 0.00165801 sec/step with standard deviation 0.000412063
ENERGY:     500        47.2904         0.7881         0.0000         0.0000        -308089.5990     -2238.6415       397.7560         0.0000      2055.1872        -307827.2189       304.0027   -309882.4061   -307824.3574       303.0238        -125408.3677   -125408.3677     23485.4351   -125615.7559   -125615.7559

WRITING EXTENDED SYSTEM TO RESTART FILE AT STEP 500
WRITING COORDINATES TO DCD FILE eq2.dcd AT STEP 500
WRITING COORDINATES TO RESTART FILE AT STEP 500
FINISHED WRITING RESTART COORDINATES
The last position output (seq=500) takes 0.000 seconds, 0.900 MB of memory in use
WRITING VELOCITIES TO RESTART FILE AT STEP 500
FINISHED WRITING RESTART VELOCITIES
The last velocity output (seq=500) takes 0.000 seconds, 0.900 MB of memory in use
WRITING EXTENDED SYSTEM TO OUTPUT FILE AT STEP 500
CLOSING EXTENDED SYSTEM TRAJECTORY FILE
WRITING COORDINATES TO OUTPUT FILE AT STEP 500
CLOSING COORDINATE DCD FILE eq2.dcd
The last position output (seq=-2) takes 0.002 seconds, 0.900 MB of memory in use
WRITING VELOCITIES TO OUTPUT FILE AT STEP 500
====================================================

WallClock: 0.897534  CPUTime: 0.881337  Memory: 0.899766 MB
[Partition 0][Node 0] End of program
