Charm++: standalone mode (not using charmrun)
Charm++> Running in Multicore mode: 12 threads (PEs)
Charm++> Using recursive bisection (scheme 3) for topology aware partitions
Converse/Charm++ Commit ID: 
CharmLB> Load balancer assumes all CPUs are same.
Charm++> Running on 1 hosts (1 sockets x 6 cores x 2 PUs = 12-way SMP)
Charm++> cpu topology info is gathered in 0.004 seconds.
CharmLB> Load balancing instrumentation for communication is off.
Info: NAMD 3.0.1 for Linux-x86_64-multicore
Info: 
Info: Please visit http://www.ks.uiuc.edu/Research/namd/
Info: for updates, documentation, and support information.
Info: 
Info: Please cite Phillips et al., J. Chem. Phys. 153:044130 (2020) doi:10.1063/5.0014475
Info: in all publications reporting results obtained with NAMD.
Info: 
Info: Based on Charm++/Converse 80000 for multicore-linux-x86_64-gcc
Info: Built Mon Oct 14 11:11:06 CDT 2024 by dhardy on athine.ks.uiuc.edu
Info: 1 NAMD  3.0.1  Linux-x86_64-multicore  12    pc2-03  convidat
Info: Running on 12 processors, 1 nodes, 1 physical nodes.
Info: CPU topology information available.
Info: Charm++/Converse parallel runtime startup completed at 0.0270526 s
CkLoopLib is used in SMP with simple dynamic scheduling (converse-level notification)
Info: 815.863 MB of memory in use based on /proc/self/stat
Info: Configuration file is null.namd
Info: Working in the current directory /media/convidat/KINGSTON/SSN_Projecte_Final/Tutorial and zip/bionano-tutorial-files/2_calibrate
TCL: Suspending until startup complete.
Warning: Option "1-4scaling" has been deprecated. Instead use "oneFourScaling".
Info: EXTENDED SYSTEM FILE   eq2.xsc
Warning: The Langevin gamma parameters differ over the particles,
Warning: requiring extra work per step to constrain rigid bonds.
Info: SIMULATION PARAMETERS:
Info: TIMESTEP               1
Info: NUMBER OF STEPS        1000
Info: STEPS PER CYCLE        20
Info: PERIODIC CELL BASIS 1  34.1775 19.7324 0
Info: PERIODIC CELL BASIS 2  0 39.4648 0
Info: PERIODIC CELL BASIS 3  0 0 17.412
Info: PERIODIC CELL CENTER   0 0 0
Info: WRAPPING ALL CLUSTERS AROUND PERIODIC BOUNDARIES ON OUTPUT.
Info: WRAPPING TO IMAGE NEAREST TO PERIODIC CELL CENTER.
Info: LOAD BALANCER  Centralized
Info: LOAD BALANCING STRATEGY  New Load Balancers -- DEFAULT
Info: LDB PERIOD             4000 steps
Info: FIRST LDB TIMESTEP     100
Info: LAST LDB TIMESTEP     -1
Info: LDB BACKGROUND SCALING 1
Info: HOM BACKGROUND SCALING 1
Info: PME BACKGROUND SCALING 1
Info: MIN ATOMS PER PATCH    40
Info: EMPTY PATCH LOAD       40 ATOMS
Info: VELOCITY FILE          eq2.vel
Info: CENTER OF MASS MOVING INITIALLY? NO
Info: DIELECTRIC             1
Info: EXCLUDE                SCALED ONE-FOUR
Info: 1-4 ELECTROSTATICS SCALED BY 1
Info: MODIFIED 1-4 VDW PARAMETERS WILL BE USED
Info: DCD FILENAME           null1.0.dcd
Info: DCD FREQUENCY          100
Info: DCD FIRST STEP         100
Info: DCD FILE WILL CONTAIN UNIT CELL DATA
Info: XST FILENAME           null1.0.xst
Info: XST FREQUENCY          100
Info: NO VELOCITY DCD OUTPUT
Info: NO FORCE DCD OUTPUT
Info: OUTPUT FILENAME        null1.0
Info: BINARY OUTPUT FILES WILL BE USED
Info: RESTART FILENAME       null1.0.restart
Info: RESTART FREQUENCY      100
Info: BINARY RESTART FILES WILL BE USED
Info: SWITCHING ACTIVE
Info: SWITCHING ON           10
Info: SWITCHING OFF          12
Info: PAIRLIST DISTANCE      14
Info: PAIRLIST SHRINK RATE   0.01
Info: PAIRLIST GROW RATE     0.01
Info: PAIRLIST TRIGGER       0.3
Info: PAIRLISTS PER CYCLE    2
Info: PAIRLISTS ENABLED
Info: MARGIN                 3
Info: HYDROGEN GROUP CUTOFF  2.5
Info: PATCH DIMENSION        19.5
Info: ENERGY OUTPUT STEPS    100
Info: ENERGY EVALUATION STEPS    100
Info: OUTPUT ENERGY PRECISION 4
Info: CROSSTERM ENERGY INCLUDED IN DIHEDRAL
Info: TIMING OUTPUT STEPS    100
Info: HARMONIC CONSTRAINTS ACTIVE
Info: HARMONIC CONS EXP      2
Info: LANGEVIN DYNAMICS ACTIVE
Info: LANGEVIN TEMPERATURE   295
Info: LANGEVIN USING BBK INTEGRATOR
Info: LANGEVIN DAMPING COEFFICIENT IS 0.2 INVERSE PS
Info: LANGEVIN DYNAMICS NOT APPLIED TO HYDROGENS
Info: PARTICLE MESH EWALD (PME) ACTIVE
Info: PME TOLERANCE               1e-06
Info: PME EWALD COEFFICIENT       0.257952
Info: PME INTERPOLATION ORDER     4
Info: PME GRID DIMENSIONS         48 48 128
Info: PME MAXIMUM GRID SPACING    1.5
Info: Attempting to read FFTW data from FFTW_NAMD_3.0.1_Linux-x86_64-multicore.txt
Info: Optimizing 6 FFT steps.  1... 2... 3... 4... 5... 6...   Done.
Info: Writing FFTW data to FFTW_NAMD_3.0.1_Linux-x86_64-multicore.txt
Info: FULL ELECTROSTATIC EVALUATION FREQUENCY      4
Info: USING VERLET I (r-RESPA) MTS SCHEME.
Info: C1 SPLITTING OF LONG RANGE ELECTROSTATICS
Info: PLACING ATOMS IN PATCHES BY HYDROGEN GROUPS
Info: NONBONDED FORCES EVALUATED EVERY 2 STEPS
Info: RANDOM NUMBER SEED     1750411601
Info: USE HYDROGEN BONDS?    NO
Info: COORDINATE PDB         ../1_build/membrane_hex.pdb
Info: STRUCTURE FILE         ../1_build/membrane_hex.psf
Info: PARAMETER file: CHARMM format! 
Info: PARAMETERS             par_silicon_ions_NEW0.1.inp
Info: USING ARITHMETIC MEAN TO COMBINE L-J SIGMA PARAMETERS
Info: BINARY COORDINATES     eq2.coor
Info: SUMMARY OF PARAMETERS:
Info: 11 BONDS
Info: 36 ANGLES
Info: 0 DIHEDRAL
Info: 0 IMPROPER
Info: 0 CROSSTERM
Info: 15 VDW
Info: 0 VDW_PAIRS
Info: 0 NBTHOLE_PAIRS
Info: TIME FOR READING PSF FILE: 0.0166362
Info: Reading pdb file ../1_build/membrane_hex.pdb
Info: TIME FOR READING PDB FILE: 0.00361458
Info: 
Info: ****************************
Info: STRUCTURE SUMMARY:
Info: 2268 ATOMS
Info: 3888 BONDS
Info: 9720 ANGLES
Info: 0 DIHEDRALS
Info: 0 IMPROPERS
Info: 0 CROSSTERMS
Info: 0 EXCLUSIONS
Info: 2268 CONSTRAINTS
Info: 6804 DEGREES OF FREEDOM
Info: 2268 HYDROGEN GROUPS
Info: 1 ATOMS IN LARGEST HYDROGEN GROUP
Info: 2268 MIGRATION GROUPS
Info: 1 ATOMS IN LARGEST MIGRATION GROUP
Info: TOTAL MASS = 45452.2 amu
Info: TOTAL CHARGE = 3.86238e-05 e
Info: MASS DENSITY = 3.21377 g/cm^3
Info: ATOM DENSITY = 0.0965705 atoms/A^3
Info: *****************************
Info: Reading from binary file eq2.coor
Info: 
Info: Entering startup at 0.192888 s, 0.109751 MB of memory in use
Info: Startup phase 0 took 7.7625e-05 s, 0.109751 MB of memory in use
Info: ADDED 34020 IMPLICIT EXCLUSIONS
Info: Startup phase 1 took 0.00453545 s, 0.109751 MB of memory in use
Info: NONBONDED TABLE R-SQUARED SPACING: 0.0625
Info: NONBONDED TABLE SIZE: 769 POINTS
Info: INCONSISTENCY IN FAST TABLE ENERGY VS FORCE: 0.000325096 AT 11.9556
Info: INCONSISTENCY IN SCOR TABLE ENERGY VS FORCE: 0.000324844 AT 11.9556
Info: INCONSISTENCY IN VDWA TABLE ENERGY VS FORCE: 0.0040507 AT 0.251946
Info: INCONSISTENCY IN VDWB TABLE ENERGY VS FORCE: 0.00150189 AT 0.251946
Info: Startup phase 2 took 0.000443241 s, 0.109751 MB of memory in use
Info: Startup phase 3 took 6.7652e-05 s, 0.109751 MB of memory in use
Info: Startup phase 4 took 7.3267e-05 s, 0.109751 MB of memory in use
Info: Startup phase 5 took 5.5045e-05 s, 0.109751 MB of memory in use
Info: PATCH GRID IS 3 (PERIODIC) BY 1 (PERIODIC) BY 1 (PERIODIC)
Info: PATCH GRID IS 2-AWAY BY 1-AWAY BY 1-AWAY
Info: Reading from binary file eq2.vel
Info: REMOVING COM VELOCITY -0.0132752 0.0896414 -0.0380403
Info: LARGEST PATCH (0) HAS 765 ATOMS
Info: TORUS A SIZE 1 USING 0
Info: TORUS B SIZE 1 USING 0
Info: TORUS C SIZE 1 USING 0
Info: TORUS MINIMAL MESH SIZE IS 1 BY 1 BY 1
Info: Placed 100% of base nodes on same physical node as patch
Info: Startup phase 6 took 0.00125532 s, 0.109751 MB of memory in use
Info: PME using 12 and 12 processors for FFT and reciprocal sum.
Info: PME GRID LOCATIONS: 0 1 2 3 4 5 6 7 8 9 ...
Info: PME TRANS LOCATIONS: 0 1 2 3 4 5 6 7 8 9 ...
Info: PME USING 1 GRID NODES AND 1 TRANS NODES
Info: Optimizing 4 FFT steps.  1... 2... 3... 4...   Done.
Info: Startup phase 7 took 0.000829968 s, 0.109751 MB of memory in use
Info: Startup phase 8 took 4.918e-05 s, 0.109751 MB of memory in use
Info: Startup phase 9 took 4.5734e-05 s, 0.109751 MB of memory in use
Info: Startup phase 10 took 5.7906e-05 s, 0.109751 MB of memory in use
Info: Startup phase 11 took 7.1185e-05 s, 0.109751 MB of memory in use
LDB: Central LB being created...
Info: Startup phase 12 took 0.000335196 s, 0.109751 MB of memory in use
Info: CREATING 105 COMPUTE OBJECTS
Info: useSync: 0 useProxySync: 0
Info: Startup phase 13 took 0.000264724 s, 0.109751 MB of memory in use
Info: Startup phase 14 took 9.3875e-05 s, 0.109751 MB of memory in use
Info: Startup phase 15 took 2.1403e-05 s, 0.109751 MB of memory in use
Info: Finished startup at 0.201165 s, 0.109751 MB of memory in use

ETITLE:      TS           BOND          ANGLE          DIHED          IMPRP               ELECT            VDW       BOUNDARY           MISC        KINETIC               TOTAL           TEMP      POTENTIAL         TOTAL3        TEMPAVG            PRESSURE      GPRESSURE         VOLUME       PRESSAVG      GPRESSAVG

ENERGY:       0        47.2904         0.7881         0.0000         0.0000        -308089.5990     -2238.6415       397.7560         0.0000      2054.6626        -307827.7435       303.9251   -309882.4061   -307826.3669       303.9251        -125407.3235   -125407.3235     23485.4351   -125407.3235   -125407.3235

OPENING EXTENDED SYSTEM TRAJECTORY FILE
FATAL ERROR: High global exclusion count!  (34044 vs 34020)  System unstable or pairlistdist or cutoff too close to periodic cell size.

FATAL ERROR: See http://www.ks.uiuc.edu/Research/namd/bugreport.html
FATAL ERROR: High global exclusion count!  (34044 vs 34020)  System unstable or pairlistdist or cutoff too close to periodic cell size.

FATAL ERROR: See http://www.ks.uiuc.edu/Research/namd/bugreport.html
[Partition 0][Node 0] End of program
